{"level":"info","message":"Hello from Acquisition!","service":"acquisitions-api"}
{"level":"info","message":"::1 - - [17/Nov/2025:14:32:29 +0000] \"GET / HTTP/1.1\" 304 - \"-\" \"Mozilla/5.0 (Windows NT 10.0; Win64; x64) AppleWebKit/537.36 (KHTML, like Gecko) Chrome/142.0.0.0 Safari/537.36 Edg/142.0.0.0\"","service":"acquisitions-api"}
{"level":"info","message":"Hello from Acquisition!","service":"acquisitions-api"}
{"level":"info","message":"::1 - - [18/Nov/2025:04:17:44 +0000] \"GET / HTTP/1.1\" 200 24 \"-\" \"PostmanRuntime/7.45.0\"","service":"acquisitions-api"}
{"level":"info","message":"::1 - - [18/Nov/2025:04:19:00 +0000] \"GET /api HTTP/1.1\" 200 42 \"-\" \"PostmanRuntime/7.45.0\"","service":"acquisitions-api"}
{"level":"info","message":"Hello from Acquisition!","service":"acquisitions-api"}
{"level":"info","message":"::1 - - [18/Nov/2025:04:19:06 +0000] \"GET / HTTP/1.1\" 200 24 \"-\" \"PostmanRuntime/7.45.0\"","service":"acquisitions-api"}
{"level":"info","message":"::1 - - [18/Nov/2025:04:19:30 +0000] \"GET /health HTTP/1.1\" 200 36 \"-\" \"PostmanRuntime/7.45.0\"","service":"acquisitions-api"}
{"level":"info","message":"::1 - - [18/Nov/2025:04:20:24 +0000] \"GET /health HTTP/1.1\" 200 73 \"-\" \"PostmanRuntime/7.45.0\"","service":"acquisitions-api"}
{"level":"info","message":"::1 - - [18/Nov/2025:04:21:10 +0000] \"POST /api/auth/sign-in HTTP/1.1\" 200 31 \"-\" \"PostmanRuntime/7.45.0\"","service":"acquisitions-api"}
{"level":"info","message":"Hello from Acquisition!","service":"acquisitions-api"}
{"level":"info","message":"::1 - - [19/Nov/2025:05:57:00 +0000] \"GET / HTTP/1.1\" 200 24 \"-\" \"Mozilla/5.0 (Windows NT 10.0; Win64; x64) AppleWebKit/537.36 (KHTML, like Gecko) Chrome/142.0.0.0 Safari/537.36 Edg/142.0.0.0\"","service":"acquisitions-api"}
{"level":"info","message":"Hello from Acquisition!","service":"acquisitions-api"}
{"level":"info","message":"::1 - - [19/Nov/2025:06:00:03 +0000] \"GET / HTTP/1.1\" 200 24 \"-\" \"HTTPie\"","service":"acquisitions-api"}
{"level":"info","message":"::1 - - [19/Nov/2025:06:00:53 +0000] \"GET /api/auth/sign-up HTTP/1.1\" 404 155 \"-\" \"HTTPie\"","service":"acquisitions-api"}
{"level":"info","message":"::1 - - [19/Nov/2025:06:01:10 +0000] \"GET /api/auth/sign-in HTTP/1.1\" 404 155 \"-\" \"HTTPie\"","service":"acquisitions-api"}
{"level":"info","message":"::1 - - [19/Nov/2025:06:02:17 +0000] \"GET /api/auth/sign-in HTTP/1.1\" 404 155 \"-\" \"HTTPie\"","service":"acquisitions-api"}
{"level":"info","message":"Hello from Acquisition!","service":"acquisitions-api"}
{"level":"info","message":"::1 - - [19/Nov/2025:06:02:23 +0000] \"GET / HTTP/1.1\" 200 24 \"-\" \"HTTPie\"","service":"acquisitions-api"}
{"level":"info","message":"::1 - - [19/Nov/2025:06:02:42 +0000] \"POST /api/auth/sign-up HTTP/1.1\" 200 31 \"-\" \"HTTPie\"","service":"acquisitions-api"}
{"level":"info","message":"::1 - - [19/Nov/2025:06:02:47 +0000] \"POST /api/auth/sign-in HTTP/1.1\" 200 31 \"-\" \"HTTPie\"","service":"acquisitions-api"}
{"level":"info","message":"::1 - - [19/Nov/2025:06:04:05 +0000] \"POST /api/auth/sign-in HTTP/1.1\" 200 31 \"-\" \"HTTPie\"","service":"acquisitions-api"}
{"level":"info","message":"::1 - - [19/Nov/2025:06:04:10 +0000] \"POST /api/auth/sign-up HTTP/1.1\" 400 93 \"-\" \"HTTPie\"","service":"acquisitions-api"}
{"level":"info","message":"::1 - - [19/Nov/2025:06:05:25 +0000] \"POST /api/auth/sign-up HTTP/1.1\" 400 145 \"-\" \"HTTPie\"","service":"acquisitions-api"}
{"level":"error","message":"Sign-up error validationResult.data is not a function","service":"acquisitions-api","stack":"TypeError: validationResult.data is not a function\n    at signup (file:///D:/HTML%20Programs/JSM/DevOps%20Learning/acquisitions/src/controllers/auth.controller.js:16:56)\n    at Layer.handleRequest (D:\\HTML Programs\\JSM\\DevOps Learning\\acquisitions\\node_modules\\router\\lib\\layer.js:152:17)\n    at next (D:\\HTML Programs\\JSM\\DevOps Learning\\acquisitions\\node_modules\\router\\lib\\route.js:157:13)\n    at Route.dispatch (D:\\HTML Programs\\JSM\\DevOps Learning\\acquisitions\\node_modules\\router\\lib\\route.js:117:3)\n    at handle (D:\\HTML Programs\\JSM\\DevOps Learning\\acquisitions\\node_modules\\router\\index.js:435:11)\n    at Layer.handleRequest (D:\\HTML Programs\\JSM\\DevOps Learning\\acquisitions\\node_modules\\router\\lib\\layer.js:152:17)\n    at D:\\HTML Programs\\JSM\\DevOps Learning\\acquisitions\\node_modules\\router\\index.js:295:15\n    at processParams (D:\\HTML Programs\\JSM\\DevOps Learning\\acquisitions\\node_modules\\router\\index.js:582:12)\n    at next (D:\\HTML Programs\\JSM\\DevOps Learning\\acquisitions\\node_modules\\router\\index.js:291:5)\n    at Function.handle (D:\\HTML Programs\\JSM\\DevOps Learning\\acquisitions\\node_modules\\router\\index.js:186:3)"}
{"level":"info","message":"::1 - - [19/Nov/2025:06:06:16 +0000] \"POST /api/auth/sign-up HTTP/1.1\" 500 1394 \"-\" \"HTTPie\"","service":"acquisitions-api"}
{"level":"info","message":"User registered successfully: prithvi@coder.com","service":"acquisitions-api"}
{"level":"info","message":"::1 - - [19/Nov/2025:06:07:08 +0000] \"POST /api/auth/sign-up HTTP/1.1\" 201 104 \"-\" \"HTTPie\"","service":"acquisitions-api"}
{"level":"error","message":"Sign-up error Cannot destructure property 'name' of 'undefined' as it is undefined.","service":"acquisitions-api","stack":"TypeError: Cannot destructure property 'name' of 'undefined' as it is undefined.\n    at createUser (file:///D:/HTML%20Programs/JSM/DevOps%20Learning/acquisitions/src/services/auth.service.js:16:36)\n    at signup (file:///D:/HTML%20Programs/JSM/DevOps%20Learning/acquisitions/src/controllers/auth.controller.js:20:28)\n    at Layer.handleRequest (D:\\HTML Programs\\JSM\\DevOps Learning\\acquisitions\\node_modules\\router\\lib\\layer.js:152:17)\n    at next (D:\\HTML Programs\\JSM\\DevOps Learning\\acquisitions\\node_modules\\router\\lib\\route.js:157:13)\n    at Route.dispatch (D:\\HTML Programs\\JSM\\DevOps Learning\\acquisitions\\node_modules\\router\\lib\\route.js:117:3)\n    at handle (D:\\HTML Programs\\JSM\\DevOps Learning\\acquisitions\\node_modules\\router\\index.js:435:11)\n    at Layer.handleRequest (D:\\HTML Programs\\JSM\\DevOps Learning\\acquisitions\\node_modules\\router\\lib\\layer.js:152:17)\n    at D:\\HTML Programs\\JSM\\DevOps Learning\\acquisitions\\node_modules\\router\\index.js:295:15\n    at processParams (D:\\HTML Programs\\JSM\\DevOps Learning\\acquisitions\\node_modules\\router\\index.js:582:12)\n    at next (D:\\HTML Programs\\JSM\\DevOps Learning\\acquisitions\\node_modules\\router\\index.js:291:5)"}
{"level":"info","message":"::1 - - [19/Nov/2025:08:01:50 +0000] \"POST /api/auth/sign-up HTTP/1.1\" 500 1447 \"-\" \"HTTPie\"","service":"acquisitions-api"}
{"level":"info","message":"Hello from Acquisition!","service":"acquisitions-api"}
{"level":"info","message":"::1 - - [19/Nov/2025:08:04:32 +0000] \"GET / HTTP/1.1\" 200 24 \"-\" \"HTTPie\"","service":"acquisitions-api"}
{"level":"error","message":"Sign-up error Cannot destructure property 'name' of 'undefined' as it is undefined.","service":"acquisitions-api","stack":"TypeError: Cannot destructure property 'name' of 'undefined' as it is undefined.\n    at createUser (file:///D:/HTML%20Programs/JSM/DevOps%20Learning/acquisitions/src/services/auth.service.js:16:36)\n    at signup (file:///D:/HTML%20Programs/JSM/DevOps%20Learning/acquisitions/src/controllers/auth.controller.js:20:28)\n    at Layer.handleRequest (D:\\HTML Programs\\JSM\\DevOps Learning\\acquisitions\\node_modules\\router\\lib\\layer.js:152:17)\n    at next (D:\\HTML Programs\\JSM\\DevOps Learning\\acquisitions\\node_modules\\router\\lib\\route.js:157:13)\n    at Route.dispatch (D:\\HTML Programs\\JSM\\DevOps Learning\\acquisitions\\node_modules\\router\\lib\\route.js:117:3)\n    at handle (D:\\HTML Programs\\JSM\\DevOps Learning\\acquisitions\\node_modules\\router\\index.js:435:11)\n    at Layer.handleRequest (D:\\HTML Programs\\JSM\\DevOps Learning\\acquisitions\\node_modules\\router\\lib\\layer.js:152:17)\n    at D:\\HTML Programs\\JSM\\DevOps Learning\\acquisitions\\node_modules\\router\\index.js:295:15\n    at processParams (D:\\HTML Programs\\JSM\\DevOps Learning\\acquisitions\\node_modules\\router\\index.js:582:12)\n    at next (D:\\HTML Programs\\JSM\\DevOps Learning\\acquisitions\\node_modules\\router\\index.js:291:5)"}
{"level":"info","message":"::1 - - [19/Nov/2025:08:05:02 +0000] \"POST /api/auth/sign-up HTTP/1.1\" 500 1447 \"-\" \"HTTPie\"","service":"acquisitions-api"}
{"level":"info","message":"User admin@jsmastery.pro created successfully","service":"acquisitions-api"}
{"level":"error","message":"Sign-up error jwttoken is not defined","service":"acquisitions-api","stack":"ReferenceError: jwttoken is not defined\n    at signup (file:///D:/HTML%20Programs/JSM/DevOps%20Learning/acquisitions/src/controllers/auth.controller.js:22:23)\n    at process.processTicksAndRejections (node:internal/process/task_queues:105:5)"}
{"level":"info","message":"::1 - - [19/Nov/2025:08:06:47 +0000] \"POST /api/auth/sign-up HTTP/1.1\" 500 394 \"-\" \"HTTPie\"","service":"acquisitions-api"}
{"level":"error","message":"Error creating the user: Error: Failed query: insert into \"users\" (\"id\", \"name\", \"email\", \"password\", \"role\", \"created_at\", \"updated_at\") values (default, $1, $2, $3, $4, default, default) returning \"id\", \"name\", \"email\", \"role\", \"created_at\"\nparams: Admin,admin@jsmastery.pro,$2b$10$wInozAgJrkY5BIMPDm0FBu24SpE90O/TpWmrXGvPRoY3k9NLUYQpK,admin","service":"acquisitions-api"}
{"cause":{"code":"23505","constraint":"users_email_unique","detail":"Key (email)=(admin@jsmastery.pro) already exists.","file":"nbtinsert.c","line":"667","name":"NeonDbError","routine":"_bt_check_unique","schema":"public","severity":"ERROR","table":"users"},"level":"error","message":"Sign-up error Failed query: insert into \"users\" (\"id\", \"name\", \"email\", \"password\", \"role\", \"created_at\", \"updated_at\") values (default, $1, $2, $3, $4, default, default) returning \"id\", \"name\", \"email\", \"role\", \"created_at\"\nparams: Admin,admin@jsmastery.pro,$2b$10$wInozAgJrkY5BIMPDm0FBu24SpE90O/TpWmrXGvPRoY3k9NLUYQpK,admin","params":["Admin","admin@jsmastery.pro","$2b$10$wInozAgJrkY5BIMPDm0FBu24SpE90O/TpWmrXGvPRoY3k9NLUYQpK","admin"],"query":"insert into \"users\" (\"id\", \"name\", \"email\", \"password\", \"role\", \"created_at\", \"updated_at\") values (default, $1, $2, $3, $4, default, default) returning \"id\", \"name\", \"email\", \"role\", \"created_at\"","service":"acquisitions-api","stack":"Error: Failed query: insert into \"users\" (\"id\", \"name\", \"email\", \"password\", \"role\", \"created_at\", \"updated_at\") values (default, $1, $2, $3, $4, default, default) returning \"id\", \"name\", \"email\", \"role\", \"created_at\"\nparams: Admin,admin@jsmastery.pro,$2b$10$wInozAgJrkY5BIMPDm0FBu24SpE90O/TpWmrXGvPRoY3k9NLUYQpK,admin\n    at NeonHttpPreparedQuery.queryWithCache (file:///D:/HTML%20Programs/JSM/DevOps%20Learning/acquisitions/node_modules/drizzle-orm/pg-core/session.js:41:15)\n    at process.processTicksAndRejections (node:internal/process/task_queues:105:5)\n    at async NeonHttpPreparedQuery.execute (file:///D:/HTML%20Programs/JSM/DevOps%20Learning/acquisitions/node_modules/drizzle-orm/neon-http/session.js:45:20)\n    at async createUser (file:///D:/HTML%20Programs/JSM/DevOps%20Learning/acquisitions/src/services/auth.service.js:24:27)\n    at async signup (file:///D:/HTML%20Programs/JSM/DevOps%20Learning/acquisitions/src/controllers/auth.controller.js:21:22)"}
{"level":"info","message":"::1 - - [19/Nov/2025:08:11:55 +0000] \"POST /api/auth/sign-up HTTP/1.1\" 500 1291 \"-\" \"HTTPie\"","service":"acquisitions-api"}
{"level":"error","message":"Error creating the user: Error: Failed query: insert into \"users\" (\"id\", \"name\", \"email\", \"password\", \"role\", \"created_at\", \"updated_at\") values (default, $1, $2, $3, $4, default, default) returning \"id\", \"name\", \"email\", \"role\", \"created_at\"\nparams: Admin,admin@jsmastery.pro,$2b$10$4aFUFUcUEJuQKZ7oUmUmGexnyVC8fqBKF/ZNNUStmx.OQOQFYYhea,admin","service":"acquisitions-api"}
{"cause":{"code":"23505","constraint":"users_email_unique","detail":"Key (email)=(admin@jsmastery.pro) already exists.","file":"nbtinsert.c","line":"667","name":"NeonDbError","routine":"_bt_check_unique","schema":"public","severity":"ERROR","table":"users"},"level":"error","message":"Sign-up error Failed query: insert into \"users\" (\"id\", \"name\", \"email\", \"password\", \"role\", \"created_at\", \"updated_at\") values (default, $1, $2, $3, $4, default, default) returning \"id\", \"name\", \"email\", \"role\", \"created_at\"\nparams: Admin,admin@jsmastery.pro,$2b$10$4aFUFUcUEJuQKZ7oUmUmGexnyVC8fqBKF/ZNNUStmx.OQOQFYYhea,admin","params":["Admin","admin@jsmastery.pro","$2b$10$4aFUFUcUEJuQKZ7oUmUmGexnyVC8fqBKF/ZNNUStmx.OQOQFYYhea","admin"],"query":"insert into \"users\" (\"id\", \"name\", \"email\", \"password\", \"role\", \"created_at\", \"updated_at\") values (default, $1, $2, $3, $4, default, default) returning \"id\", \"name\", \"email\", \"role\", \"created_at\"","service":"acquisitions-api","stack":"Error: Failed query: insert into \"users\" (\"id\", \"name\", \"email\", \"password\", \"role\", \"created_at\", \"updated_at\") values (default, $1, $2, $3, $4, default, default) returning \"id\", \"name\", \"email\", \"role\", \"created_at\"\nparams: Admin,admin@jsmastery.pro,$2b$10$4aFUFUcUEJuQKZ7oUmUmGexnyVC8fqBKF/ZNNUStmx.OQOQFYYhea,admin\n    at NeonHttpPreparedQuery.queryWithCache (file:///D:/HTML%20Programs/JSM/DevOps%20Learning/acquisitions/node_modules/drizzle-orm/pg-core/session.js:41:15)\n    at process.processTicksAndRejections (node:internal/process/task_queues:105:5)\n    at async NeonHttpPreparedQuery.execute (file:///D:/HTML%20Programs/JSM/DevOps%20Learning/acquisitions/node_modules/drizzle-orm/neon-http/session.js:45:20)\n    at async createUser (file:///D:/HTML%20Programs/JSM/DevOps%20Learning/acquisitions/src/services/auth.service.js:24:27)\n    at async signup (file:///D:/HTML%20Programs/JSM/DevOps%20Learning/acquisitions/src/controllers/auth.controller.js:21:22)"}
{"level":"info","message":"::1 - - [19/Nov/2025:08:14:19 +0000] \"POST /api/auth/sign-up HTTP/1.1\" 500 1291 \"-\" \"HTTPie\"","service":"acquisitions-api"}
{"level":"error","message":"Error creating the user: Error: Failed query: insert into \"users\" (\"id\", \"name\", \"email\", \"password\", \"role\", \"created_at\", \"updated_at\") values (default, $1, $2, $3, $4, default, default) returning \"id\", \"name\", \"email\", \"role\", \"created_at\"\nparams: Admin,admin@jsmastery.pro,$2b$10$t6u3.xwzJKeD70m/Z0XSq.qGTNtJ5AXI5zFLjxdIIXIUIAf5lfUty,admin","service":"acquisitions-api"}
{"cause":{"code":"23505","constraint":"users_email_unique","detail":"Key (email)=(admin@jsmastery.pro) already exists.","file":"nbtinsert.c","line":"667","name":"NeonDbError","routine":"_bt_check_unique","schema":"public","severity":"ERROR","table":"users"},"level":"error","message":"Sign-up error Failed query: insert into \"users\" (\"id\", \"name\", \"email\", \"password\", \"role\", \"created_at\", \"updated_at\") values (default, $1, $2, $3, $4, default, default) returning \"id\", \"name\", \"email\", \"role\", \"created_at\"\nparams: Admin,admin@jsmastery.pro,$2b$10$t6u3.xwzJKeD70m/Z0XSq.qGTNtJ5AXI5zFLjxdIIXIUIAf5lfUty,admin","params":["Admin","admin@jsmastery.pro","$2b$10$t6u3.xwzJKeD70m/Z0XSq.qGTNtJ5AXI5zFLjxdIIXIUIAf5lfUty","admin"],"query":"insert into \"users\" (\"id\", \"name\", \"email\", \"password\", \"role\", \"created_at\", \"updated_at\") values (default, $1, $2, $3, $4, default, default) returning \"id\", \"name\", \"email\", \"role\", \"created_at\"","service":"acquisitions-api","stack":"Error: Failed query: insert into \"users\" (\"id\", \"name\", \"email\", \"password\", \"role\", \"created_at\", \"updated_at\") values (default, $1, $2, $3, $4, default, default) returning \"id\", \"name\", \"email\", \"role\", \"created_at\"\nparams: Admin,admin@jsmastery.pro,$2b$10$t6u3.xwzJKeD70m/Z0XSq.qGTNtJ5AXI5zFLjxdIIXIUIAf5lfUty,admin\n    at NeonHttpPreparedQuery.queryWithCache (file:///D:/HTML%20Programs/JSM/DevOps%20Learning/acquisitions/node_modules/drizzle-orm/pg-core/session.js:41:15)\n    at process.processTicksAndRejections (node:internal/process/task_queues:105:5)\n    at async NeonHttpPreparedQuery.execute (file:///D:/HTML%20Programs/JSM/DevOps%20Learning/acquisitions/node_modules/drizzle-orm/neon-http/session.js:45:20)\n    at async createUser (file:///D:/HTML%20Programs/JSM/DevOps%20Learning/acquisitions/src/services/auth.service.js:24:27)\n    at async signup (file:///D:/HTML%20Programs/JSM/DevOps%20Learning/acquisitions/src/controllers/auth.controller.js:21:22)"}
{"level":"info","message":"::1 - - [19/Nov/2025:08:20:47 +0000] \"POST /api/auth/sign-up HTTP/1.1\" 500 1291 \"-\" \"HTTPie\"","service":"acquisitions-api"}
{"level":"error","message":"Error creating the user: Error: Failed query: insert into \"users\" (\"id\", \"name\", \"email\", \"password\", \"role\", \"created_at\", \"updated_at\") values (default, $1, $2, $3, $4, default, default) returning \"id\", \"name\", \"email\", \"role\", \"created_at\"\nparams: Admin,admin@jsmastery.pro,$2b$10$wYtHhtRSSULQ3C7mtENfGui22XpKJC0gtavXnyqIezqVMCMEhK68W,admin","service":"acquisitions-api"}
{"cause":{"code":"23505","constraint":"users_email_unique","detail":"Key (email)=(admin@jsmastery.pro) already exists.","file":"nbtinsert.c","line":"667","name":"NeonDbError","routine":"_bt_check_unique","schema":"public","severity":"ERROR","table":"users"},"level":"error","message":"Sign-up error Failed query: insert into \"users\" (\"id\", \"name\", \"email\", \"password\", \"role\", \"created_at\", \"updated_at\") values (default, $1, $2, $3, $4, default, default) returning \"id\", \"name\", \"email\", \"role\", \"created_at\"\nparams: Admin,admin@jsmastery.pro,$2b$10$wYtHhtRSSULQ3C7mtENfGui22XpKJC0gtavXnyqIezqVMCMEhK68W,admin","params":["Admin","admin@jsmastery.pro","$2b$10$wYtHhtRSSULQ3C7mtENfGui22XpKJC0gtavXnyqIezqVMCMEhK68W","admin"],"query":"insert into \"users\" (\"id\", \"name\", \"email\", \"password\", \"role\", \"created_at\", \"updated_at\") values (default, $1, $2, $3, $4, default, default) returning \"id\", \"name\", \"email\", \"role\", \"created_at\"","service":"acquisitions-api","stack":"Error: Failed query: insert into \"users\" (\"id\", \"name\", \"email\", \"password\", \"role\", \"created_at\", \"updated_at\") values (default, $1, $2, $3, $4, default, default) returning \"id\", \"name\", \"email\", \"role\", \"created_at\"\nparams: Admin,admin@jsmastery.pro,$2b$10$wYtHhtRSSULQ3C7mtENfGui22XpKJC0gtavXnyqIezqVMCMEhK68W,admin\n    at NeonHttpPreparedQuery.queryWithCache (file:///D:/HTML%20Programs/JSM/DevOps%20Learning/acquisitions/node_modules/drizzle-orm/pg-core/session.js:41:15)\n    at process.processTicksAndRejections (node:internal/process/task_queues:105:5)\n    at async NeonHttpPreparedQuery.execute (file:///D:/HTML%20Programs/JSM/DevOps%20Learning/acquisitions/node_modules/drizzle-orm/neon-http/session.js:45:20)\n    at async createUser (file:///D:/HTML%20Programs/JSM/DevOps%20Learning/acquisitions/src/services/auth.service.js:24:27)\n    at async signup (file:///D:/HTML%20Programs/JSM/DevOps%20Learning/acquisitions/src/controllers/auth.controller.js:21:22)"}
{"level":"info","message":"::1 - - [19/Nov/2025:08:24:39 +0000] \"POST /api/auth/sign-up HTTP/1.1\" 500 1291 \"-\" \"HTTPie\"","service":"acquisitions-api"}
{"level":"error","message":"Error creating the user: Error: Failed query: insert into \"users\" (\"id\", \"name\", \"email\", \"password\", \"role\", \"created_at\", \"updated_at\") values (default, $1, $2, $3, $4, default, default) returning \"id\", \"name\", \"email\", \"role\", \"created_at\"\nparams: Admin,admin@jsmastery.pro,$2b$10$sx4iaDA.krN.hk3PAJY2kuvfcsbbt66xegf6BQY/n0lcO/7eph2KG,admin","service":"acquisitions-api"}
{"cause":{"code":"23505","constraint":"users_email_unique","detail":"Key (email)=(admin@jsmastery.pro) already exists.","file":"nbtinsert.c","line":"667","name":"NeonDbError","routine":"_bt_check_unique","schema":"public","severity":"ERROR","table":"users"},"level":"error","message":"Sign-up error Failed query: insert into \"users\" (\"id\", \"name\", \"email\", \"password\", \"role\", \"created_at\", \"updated_at\") values (default, $1, $2, $3, $4, default, default) returning \"id\", \"name\", \"email\", \"role\", \"created_at\"\nparams: Admin,admin@jsmastery.pro,$2b$10$sx4iaDA.krN.hk3PAJY2kuvfcsbbt66xegf6BQY/n0lcO/7eph2KG,admin","params":["Admin","admin@jsmastery.pro","$2b$10$sx4iaDA.krN.hk3PAJY2kuvfcsbbt66xegf6BQY/n0lcO/7eph2KG","admin"],"query":"insert into \"users\" (\"id\", \"name\", \"email\", \"password\", \"role\", \"created_at\", \"updated_at\") values (default, $1, $2, $3, $4, default, default) returning \"id\", \"name\", \"email\", \"role\", \"created_at\"","service":"acquisitions-api","stack":"Error: Failed query: insert into \"users\" (\"id\", \"name\", \"email\", \"password\", \"role\", \"created_at\", \"updated_at\") values (default, $1, $2, $3, $4, default, default) returning \"id\", \"name\", \"email\", \"role\", \"created_at\"\nparams: Admin,admin@jsmastery.pro,$2b$10$sx4iaDA.krN.hk3PAJY2kuvfcsbbt66xegf6BQY/n0lcO/7eph2KG,admin\n    at NeonHttpPreparedQuery.queryWithCache (file:///D:/HTML%20Programs/JSM/DevOps%20Learning/acquisitions/node_modules/drizzle-orm/pg-core/session.js:41:15)\n    at process.processTicksAndRejections (node:internal/process/task_queues:105:5)\n    at async NeonHttpPreparedQuery.execute (file:///D:/HTML%20Programs/JSM/DevOps%20Learning/acquisitions/node_modules/drizzle-orm/neon-http/session.js:45:20)\n    at async createUser (file:///D:/HTML%20Programs/JSM/DevOps%20Learning/acquisitions/src/services/auth.service.js:24:27)\n    at async signup (file:///D:/HTML%20Programs/JSM/DevOps%20Learning/acquisitions/src/controllers/auth.controller.js:21:22)"}
{"level":"info","message":"::1 - - [19/Nov/2025:08:26:16 +0000] \"POST /api/auth/sign-up HTTP/1.1\" 500 1291 \"-\" \"HTTPie\"","service":"acquisitions-api"}
{"level":"info","message":"User admin@jsmastery.pro created successfully","service":"acquisitions-api"}
{"level":"error","message":"Sign-up error cookies is not defined","service":"acquisitions-api","stack":"ReferenceError: cookies is not defined\n    at signup (file:///D:/HTML%20Programs/JSM/DevOps%20Learning/acquisitions/src/controllers/auth.controller.js:25:9)\n    at process.processTicksAndRejections (node:internal/process/task_queues:105:5)"}
{"level":"info","message":"::1 - - [19/Nov/2025:08:33:12 +0000] \"POST /api/auth/sign-up HTTP/1.1\" 500 392 \"-\" \"HTTPie\"","service":"acquisitions-api"}
{"level":"info","message":"User admin@jsmastery.pro created successfully","service":"acquisitions-api"}
{"level":"info","message":"User registered successfully: admin@jsmastery.pro","service":"acquisitions-api"}
{"level":"info","message":"::1 - - [19/Nov/2025:08:34:27 +0000] \"POST /api/auth/sign-up HTTP/1.1\" 201 105 \"-\" \"HTTPie\"","service":"acquisitions-api"}
{"level":"info","message":"User prithvi@coder.com created successfully","service":"acquisitions-api"}
{"level":"info","message":"User registered successfully: prithvi@coder.com","service":"acquisitions-api"}
{"level":"info","message":"::1 - - [19/Nov/2025:08:36:03 +0000] \"POST /api/auth/sign-up HTTP/1.1\" 201 104 \"-\" \"HTTPie\"","service":"acquisitions-api"}
{"level":"info","message":"User prithvi@coder.com authenticated successfully","service":"acquisitions-api"}
{"level":"info","message":"User logged in successfully: prithvi@coder.com","service":"acquisitions-api"}
{"level":"info","message":"::1 - - [19/Nov/2025:13:17:46 +0000] \"POST /api/auth/sign-in HTTP/1.1\" 200 103 \"-\" \"HTTPie\"","service":"acquisitions-api"}
{"level":"info","message":"User signed out successfully","service":"acquisitions-api"}
{"level":"info","message":"::1 - - [19/Nov/2025:13:18:23 +0000] \"POST /api/auth/sign-out HTTP/1.1\" 200 29 \"-\" \"HTTPie\"","service":"acquisitions-api"}
{"level":"info","message":"::1 - - [19/Nov/2025:14:05:03 +0000] \"GET /health HTTP/1.1\" 200 74 \"-\" \"HTTPie\"","service":"acquisitions-api","timestamp":"2025-11-19T14:05:03.915Z"}
{"level":"info","message":"::1 - - [19/Nov/2025:14:06:25 +0000] \"GET /health HTTP/1.1\" 200 75 \"-\" \"HTTPie\"","service":"acquisitions-api","timestamp":"2025-11-19T14:06:25.267Z"}
{"level":"info","message":"::1 - - [19/Nov/2025:14:06:26 +0000] \"GET /health HTTP/1.1\" 200 75 \"-\" \"HTTPie\"","service":"acquisitions-api","timestamp":"2025-11-19T14:06:26.105Z"}
{"level":"info","message":"::1 - - [19/Nov/2025:14:06:26 +0000] \"GET /health HTTP/1.1\" 200 75 \"-\" \"HTTPie\"","service":"acquisitions-api","timestamp":"2025-11-19T14:06:26.521Z"}
{"level":"info","message":"::1 - - [19/Nov/2025:14:06:27 +0000] \"GET /health HTTP/1.1\" 200 75 \"-\" \"HTTPie\"","service":"acquisitions-api","timestamp":"2025-11-19T14:06:27.249Z"}
{"level":"info","message":"::1 - - [19/Nov/2025:14:06:28 +0000] \"GET /health HTTP/1.1\" 200 75 \"-\" \"HTTPie\"","service":"acquisitions-api","timestamp":"2025-11-19T14:06:28.015Z"}
{"ip":"::1","level":"warn","message":"Rate limit exceeded","path":"/health","service":"acquisitions-api","timestamp":"2025-11-19T14:06:28.737Z","userAgent":"HTTPie"}
{"level":"info","message":"::1 - - [19/Nov/2025:14:06:28 +0000] \"GET /health HTTP/1.1\" 403 51 \"-\" \"HTTPie\"","service":"acquisitions-api","timestamp":"2025-11-19T14:06:28.739Z"}
{"ip":"::1","level":"warn","message":"Rate limit exceeded","path":"/health","service":"acquisitions-api","timestamp":"2025-11-19T14:06:29.405Z","userAgent":"HTTPie"}
{"level":"info","message":"::1 - - [19/Nov/2025:14:06:29 +0000] \"GET /health HTTP/1.1\" 403 51 \"-\" \"HTTPie\"","service":"acquisitions-api","timestamp":"2025-11-19T14:06:29.407Z"}
{"ip":"::1","level":"warn","message":"Bot request blocked","path":"/","service":"acquisitions-api","timestamp":"2025-11-19T18:43:07.469Z","userAgent":"PostmanRuntime/7.49.1"}
{"level":"info","message":"::1 - - [19/Nov/2025:18:43:07 +0000] \"GET / HTTP/1.1\" 403 69 \"-\" \"PostmanRuntime/7.49.1\"","service":"acquisitions-api","timestamp":"2025-11-19T18:43:07.483Z"}
{"ip":"::1","level":"warn","message":"Bot request blocked","path":"/health","service":"acquisitions-api","timestamp":"2025-11-19T18:43:20.417Z","userAgent":"PostmanRuntime/7.49.1"}
{"level":"info","message":"::1 - - [19/Nov/2025:18:43:20 +0000] \"GET /health HTTP/1.1\" 403 69 \"-\" \"PostmanRuntime/7.49.1\"","service":"acquisitions-api","timestamp":"2025-11-19T18:43:20.420Z"}
{"level":"info","message":"Hello from Acquisition!","service":"acquisitions-api","timestamp":"2025-11-19T18:45:51.548Z"}
{"level":"info","message":"::1 - - [19/Nov/2025:18:45:51 +0000] \"GET / HTTP/1.1\" 200 24 \"-\" \"HTTPie\"","service":"acquisitions-api","timestamp":"2025-11-19T18:45:51.550Z"}
{"level":"info","message":"::1 - - [19/Nov/2025:18:45:57 +0000] \"GET /health HTTP/1.1\" 200 75 \"-\" \"HTTPie\"","service":"acquisitions-api","timestamp":"2025-11-19T18:45:57.088Z"}
{"level":"info","message":"::1 - - [19/Nov/2025:18:45:58 +0000] \"GET /health HTTP/1.1\" 200 75 \"-\" \"HTTPie\"","service":"acquisitions-api","timestamp":"2025-11-19T18:45:58.608Z"}
{"level":"info","message":"::1 - - [19/Nov/2025:18:45:59 +0000] \"GET /health HTTP/1.1\" 200 74 \"-\" \"HTTPie\"","service":"acquisitions-api","timestamp":"2025-11-19T18:45:59.427Z"}
{"level":"info","message":"::1 - - [19/Nov/2025:18:46:00 +0000] \"GET /health HTTP/1.1\" 200 75 \"-\" \"HTTPie\"","service":"acquisitions-api","timestamp":"2025-11-19T18:46:00.094Z"}
{"ip":"::1","level":"warn","message":"Rate limit exceeded","path":"/health","service":"acquisitions-api","timestamp":"2025-11-19T18:46:00.788Z","userAgent":"HTTPie"}
{"level":"info","message":"::1 - - [19/Nov/2025:18:46:00 +0000] \"GET /health HTTP/1.1\" 403 51 \"-\" \"HTTPie\"","service":"acquisitions-api","timestamp":"2025-11-19T18:46:00.790Z"}
{"ip":"::1","level":"warn","message":"Rate limit exceeded","path":"/health","service":"acquisitions-api","timestamp":"2025-11-19T18:46:01.515Z","userAgent":"HTTPie"}
{"level":"info","message":"::1 - - [19/Nov/2025:18:46:01 +0000] \"GET /health HTTP/1.1\" 403 51 \"-\" \"HTTPie\"","service":"acquisitions-api","timestamp":"2025-11-19T18:46:01.517Z"}
{"level":"info","message":"Hello from Acquisition!","service":"acquisitions-api","timestamp":"2025-11-20T11:09:42.743Z"}
{"level":"info","message":"::ffff:172.18.0.1 - - [20/Nov/2025:11:09:42 +0000] \"GET / HTTP/1.1\" 304 - \"-\" \"Mozilla/5.0 (Windows NT 10.0; Win64; x64) AppleWebKit/537.36 (KHTML, like Gecko) Chrome/142.0.0.0 Safari/537.36 Edg/142.0.0.0\"","service":"acquisitions-api","timestamp":"2025-11-20T11:09:42.927Z"}
{"level":"info","message":"::1 - - [20/Nov/2025:11:09:45 +0000] \"GET /health HTTP/1.1\" - - \"-\" \"-\"","service":"acquisitions-api","timestamp":"2025-11-20T11:09:45.791Z"}
{"level":"info","message":"::1 - - [20/Nov/2025:11:10:19 +0000] \"GET /health HTTP/1.1\" 200 76 \"-\" \"-\"","service":"acquisitions-api","timestamp":"2025-11-20T11:10:19.301Z"}
{"level":"info","message":"::1 - - [20/Nov/2025:11:10:57 +0000] \"GET /health HTTP/1.1\" 200 76 \"-\" \"-\"","service":"acquisitions-api","timestamp":"2025-11-20T11:10:57.828Z"}
{"level":"info","message":"::1 - - [20/Nov/2025:11:11:31 +0000] \"GET /health HTTP/1.1\" 200 77 \"-\" \"-\"","service":"acquisitions-api","timestamp":"2025-11-20T11:11:31.296Z"}
{"level":"info","message":"::1 - - [20/Nov/2025:11:12:05 +0000] \"GET /health HTTP/1.1\" - - \"-\" \"-\"","service":"acquisitions-api","timestamp":"2025-11-20T11:12:05.716Z"}
{"level":"info","message":"::1 - - [20/Nov/2025:11:13:14 +0000] \"GET /health HTTP/1.1\" 200 77 \"-\" \"-\"","service":"acquisitions-api","timestamp":"2025-11-20T11:13:14.916Z"}
{"level":"info","message":"::1 - - [21/Nov/2025:06:17:28 +0000] \"GET /health HTTP/1.1\" 200 76 \"-\" \"-\"","service":"acquisitions-api","timestamp":"2025-11-21T06:17:28.352Z"}
{"level":"info","message":"::1 - - [21/Nov/2025:06:17:59 +0000] \"GET /health HTTP/1.1\" 200 76 \"-\" \"-\"","service":"acquisitions-api","timestamp":"2025-11-21T06:17:59.455Z"}
{"level":"info","message":"::1 - - [21/Nov/2025:06:18:30 +0000] \"GET /health HTTP/1.1\" 200 76 \"-\" \"-\"","service":"acquisitions-api","timestamp":"2025-11-21T06:18:30.435Z"}
{"level":"info","message":"::1 - - [21/Nov/2025:06:19:02 +0000] \"GET /health HTTP/1.1\" 200 77 \"-\" \"-\"","service":"acquisitions-api","timestamp":"2025-11-21T06:19:02.306Z"}
{"level":"info","message":"::1 - - [21/Nov/2025:06:19:33 +0000] \"GET /health HTTP/1.1\" 200 77 \"-\" \"-\"","service":"acquisitions-api","timestamp":"2025-11-21T06:19:33.702Z"}
{"level":"info","message":"::1 - - [21/Nov/2025:06:20:04 +0000] \"GET /health HTTP/1.1\" 200 77 \"-\" \"-\"","service":"acquisitions-api","timestamp":"2025-11-21T06:20:04.962Z"}
{"level":"info","message":"Hello from Acquisition!","service":"acquisitions-api","timestamp":"2025-11-21T06:20:12.165Z"}
{"level":"info","message":"::ffff:172.18.0.1 - - [21/Nov/2025:06:20:12 +0000] \"GET / HTTP/1.1\" 200 24 \"-\" \"HTTPie\"","service":"acquisitions-api","timestamp":"2025-11-21T06:20:12.177Z"}
{"level":"info","message":"::ffff:172.18.0.1 - - [21/Nov/2025:06:20:15 +0000] \"GET /health HTTP/1.1\" 200 76 \"-\" \"HTTPie\"","service":"acquisitions-api","timestamp":"2025-11-21T06:20:15.871Z"}
{"level":"info","message":"::1 - - [21/Nov/2025:06:20:37 +0000] \"GET /health HTTP/1.1\" 200 77 \"-\" \"-\"","service":"acquisitions-api","timestamp":"2025-11-21T06:20:37.943Z"}
{"level":"info","message":"Getting users ...","service":"acquisitions-api","timestamp":"2025-11-21T06:20:48.336Z"}
{"level":"info","message":"::ffff:172.18.0.1 - - [21/Nov/2025:06:20:49 +0000] \"GET /api/users HTTP/1.1\" 200 359 \"-\" \"HTTPie\"","service":"acquisitions-api","timestamp":"2025-11-21T06:20:49.997Z"}
{"level":"info","message":"::1 - - [21/Nov/2025:06:21:09 +0000] \"GET /health HTTP/1.1\" 200 77 \"-\" \"-\"","service":"acquisitions-api","timestamp":"2025-11-21T06:21:09.851Z"}
{"level":"info","message":"::1 - - [21/Nov/2025:06:21:41 +0000] \"GET /health HTTP/1.1\" 200 76 \"-\" \"-\"","service":"acquisitions-api","timestamp":"2025-11-21T06:21:41.254Z"}
{"level":"info","message":"::1 - - [21/Nov/2025:06:22:12 +0000] \"GET /health HTTP/1.1\" 200 77 \"-\" \"-\"","service":"acquisitions-api","timestamp":"2025-11-21T06:22:12.378Z"}
{"level":"info","message":"::1 - - [21/Nov/2025:06:22:43 +0000] \"GET /health HTTP/1.1\" 200 77 \"-\" \"-\"","service":"acquisitions-api","timestamp":"2025-11-21T06:22:43.332Z"}
{"level":"info","message":"::1 - - [21/Nov/2025:06:23:14 +0000] \"GET /health HTTP/1.1\" 200 77 \"-\" \"-\"","service":"acquisitions-api","timestamp":"2025-11-21T06:23:14.800Z"}
{"level":"info","message":"::1 - - [21/Nov/2025:06:23:46 +0000] \"GET /health HTTP/1.1\" 200 77 \"-\" \"-\"","service":"acquisitions-api","timestamp":"2025-11-21T06:23:46.008Z"}
{"level":"info","message":"::1 - - [21/Nov/2025:06:24:17 +0000] \"GET /health HTTP/1.1\" 200 77 \"-\" \"-\"","service":"acquisitions-api","timestamp":"2025-11-21T06:24:17.059Z"}
{"level":"info","message":"::1 - - [21/Nov/2025:06:24:47 +0000] \"GET /health HTTP/1.1\" 200 76 \"-\" \"-\"","service":"acquisitions-api","timestamp":"2025-11-21T06:24:47.903Z"}
{"level":"info","message":"::1 - - [21/Nov/2025:06:25:19 +0000] \"GET /health HTTP/1.1\" 200 77 \"-\" \"-\"","service":"acquisitions-api","timestamp":"2025-11-21T06:25:19.404Z"}
{"level":"info","message":"::1 - - [21/Nov/2025:06:26:35 +0000] \"GET /health HTTP/1.1\" 200 77 \"-\" \"-\"","service":"acquisitions-api","timestamp":"2025-11-21T06:26:35.363Z"}
{"level":"info","message":"::1 - - [21/Nov/2025:06:27:09 +0000] \"GET /health HTTP/1.1\" - - \"-\" \"-\"","service":"acquisitions-api","timestamp":"2025-11-21T06:27:09.902Z"}
{"level":"info","message":"::1 - - [21/Nov/2025:06:28:31 +0000] \"GET /health HTTP/1.1\" - - \"-\" \"-\"","service":"acquisitions-api","timestamp":"2025-11-21T06:28:31.878Z"}
{"level":"info","message":"::1 - - [21/Nov/2025:06:29:10 +0000] \"GET /health HTTP/1.1\" - - \"-\" \"-\"","service":"acquisitions-api","timestamp":"2025-11-21T06:29:10.035Z"}
{"level":"info","message":"::1 - - [21/Nov/2025:06:29:45 +0000] \"GET /health HTTP/1.1\" - - \"-\" \"-\"","service":"acquisitions-api","timestamp":"2025-11-21T06:29:45.057Z"}
{"level":"info","message":"::1 - - [21/Nov/2025:06:30:20 +0000] \"GET /health HTTP/1.1\" 200 77 \"-\" \"-\"","service":"acquisitions-api","timestamp":"2025-11-21T06:30:20.094Z"}
{"level":"info","message":"::1 - - [21/Nov/2025:06:30:52 +0000] \"GET /health HTTP/1.1\" 200 77 \"-\" \"-\"","service":"acquisitions-api","timestamp":"2025-11-21T06:30:52.620Z"}
{"level":"info","message":"::1 - - [21/Nov/2025:06:31:24 +0000] \"GET /health HTTP/1.1\" 200 77 \"-\" \"-\"","service":"acquisitions-api","timestamp":"2025-11-21T06:31:24.172Z"}
{"level":"info","message":"::1 - - [21/Nov/2025:06:31:55 +0000] \"GET /health HTTP/1.1\" 200 77 \"-\" \"-\"","service":"acquisitions-api","timestamp":"2025-11-21T06:31:55.371Z"}
{"level":"info","message":"::1 - - [21/Nov/2025:06:32:29 +0000] \"GET /health HTTP/1.1\" - - \"-\" \"-\"","service":"acquisitions-api","timestamp":"2025-11-21T06:32:29.517Z"}
{"level":"info","message":"::1 - - [21/Nov/2025:06:33:01 +0000] \"GET /health HTTP/1.1\" 200 77 \"-\" \"-\"","service":"acquisitions-api","timestamp":"2025-11-21T06:33:01.951Z"}
{"level":"info","message":"::1 - - [21/Nov/2025:06:33:34 +0000] \"GET /health HTTP/1.1\" 200 77 \"-\" \"-\"","service":"acquisitions-api","timestamp":"2025-11-21T06:33:34.350Z"}
{"level":"info","message":"::1 - - [21/Nov/2025:06:34:05 +0000] \"GET /health HTTP/1.1\" 200 78 \"-\" \"-\"","service":"acquisitions-api","timestamp":"2025-11-21T06:34:05.565Z"}
{"level":"info","message":"::1 - - [21/Nov/2025:06:34:40 +0000] \"GET /health HTTP/1.1\" - - \"-\" \"-\"","service":"acquisitions-api","timestamp":"2025-11-21T06:34:40.790Z"}
{"level":"info","message":"::1 - - [21/Nov/2025:06:35:12 +0000] \"GET /health HTTP/1.1\" 200 78 \"-\" \"-\"","service":"acquisitions-api","timestamp":"2025-11-21T06:35:12.551Z"}
{"level":"info","message":"Hello from Acquisition!","service":"acquisitions-api","timestamp":"2025-11-21T07:08:19.294Z"}
{"level":"info","message":"::1 - - [21/Nov/2025:07:08:19 +0000] \"GET / HTTP/1.1\" 200 24 \"-\" \"HTTPie\"","service":"acquisitions-api","timestamp":"2025-11-21T07:08:19.307Z"}
{"level":"info","message":"Getting user with id 2 ...","service":"acquisitions-api","timestamp":"2025-11-21T07:09:04.010Z"}
{"cause":{"name":"NeonDbError","sourceError":{}},"level":"error","message":"Error getting user by id Failed query: select \"id\", \"email\", \"name\", \"role\", \"created_at\", \"updated_at\" from \"users\" where \"users\".\"id\" = $1 limit $2\nparams: 2,1","params":[2,1],"query":"select \"id\", \"email\", \"name\", \"role\", \"created_at\", \"updated_at\" from \"users\" where \"users\".\"id\" = $1 limit $2","service":"acquisitions-api","stack":"Error: Failed query: select \"id\", \"email\", \"name\", \"role\", \"created_at\", \"updated_at\" from \"users\" where \"users\".\"id\" = $1 limit $2\nparams: 2,1\n    at NeonHttpPreparedQuery.queryWithCache (file:///D:/HTML%20Programs/JSM/DevOps%20Learning/acquisitions/node_modules/drizzle-orm/pg-core/session.js:41:15)\n    at process.processTicksAndRejections (node:internal/process/task_queues:105:5)\n    at async NeonHttpPreparedQuery.execute (file:///D:/HTML%20Programs/JSM/DevOps%20Learning/acquisitions/node_modules/drizzle-orm/neon-http/session.js:45:20)\n    at async getUserById (file:///D:/HTML%20Programs/JSM/DevOps%20Learning/acquisitions/src/services/users.service.js:28:24)\n    at async getUserById (file:///D:/HTML%20Programs/JSM/DevOps%20Learning/acquisitions/src/controllers/users.controller.js:43:22)","timestamp":"2025-11-21T07:09:06.773Z"}
{"cause":{"name":"NeonDbError","sourceError":{}},"level":"error","message":"Error fetching user by id Failed query: select \"id\", \"email\", \"name\", \"role\", \"created_at\", \"updated_at\" from \"users\" where \"users\".\"id\" = $1 limit $2\nparams: 2,1","params":[2,1],"query":"select \"id\", \"email\", \"name\", \"role\", \"created_at\", \"updated_at\" from \"users\" where \"users\".\"id\" = $1 limit $2","service":"acquisitions-api","stack":"Error: Failed query: select \"id\", \"email\", \"name\", \"role\", \"created_at\", \"updated_at\" from \"users\" where \"users\".\"id\" = $1 limit $2\nparams: 2,1\n    at NeonHttpPreparedQuery.queryWithCache (file:///D:/HTML%20Programs/JSM/DevOps%20Learning/acquisitions/node_modules/drizzle-orm/pg-core/session.js:41:15)\n    at process.processTicksAndRejections (node:internal/process/task_queues:105:5)\n    at async NeonHttpPreparedQuery.execute (file:///D:/HTML%20Programs/JSM/DevOps%20Learning/acquisitions/node_modules/drizzle-orm/neon-http/session.js:45:20)\n    at async getUserById (file:///D:/HTML%20Programs/JSM/DevOps%20Learning/acquisitions/src/services/users.service.js:28:24)\n    at async getUserById (file:///D:/HTML%20Programs/JSM/DevOps%20Learning/acquisitions/src/controllers/users.controller.js:43:22)","timestamp":"2025-11-21T07:09:06.777Z"}
{"level":"info","message":"::1 - - [21/Nov/2025:07:09:06 +0000] \"GET /api/users/2 HTTP/1.1\" 500 1084 \"-\" \"HTTPie\"","service":"acquisitions-api","timestamp":"2025-11-21T07:09:06.784Z"}
{"level":"info","message":"::1 - - [21/Nov/2025:07:09:36 +0000] \"POST /api/users/2 HTTP/1.1\" 404 151 \"-\" \"HTTPie\"","service":"acquisitions-api","timestamp":"2025-11-21T07:09:36.425Z"}
{"level":"error","message":"Error authenticating the user: Error: Failed query: select \"id\", \"name\", \"email\", \"password\", \"role\", \"created_at\", \"updated_at\" from \"users\" where \"users\".\"email\" = $1 limit $2\nparams: contact@jsmastery.pro,1","service":"acquisitions-api","timestamp":"2025-11-21T07:11:18.439Z"}
{"cause":{"name":"NeonDbError","sourceError":{}},"level":"error","message":"Sign-in error Failed query: select \"id\", \"name\", \"email\", \"password\", \"role\", \"created_at\", \"updated_at\" from \"users\" where \"users\".\"email\" = $1 limit $2\nparams: contact@jsmastery.pro,1","params":["contact@jsmastery.pro",1],"query":"select \"id\", \"name\", \"email\", \"password\", \"role\", \"created_at\", \"updated_at\" from \"users\" where \"users\".\"email\" = $1 limit $2","service":"acquisitions-api","stack":"Error: Failed query: select \"id\", \"name\", \"email\", \"password\", \"role\", \"created_at\", \"updated_at\" from \"users\" where \"users\".\"email\" = $1 limit $2\nparams: contact@jsmastery.pro,1\n    at NeonHttpPreparedQuery.queryWithCache (file:///D:/HTML%20Programs/JSM/DevOps%20Learning/acquisitions/node_modules/drizzle-orm/pg-core/session.js:41:15)\n    at process.processTicksAndRejections (node:internal/process/task_queues:105:5)\n    at async NeonHttpPreparedQuery.execute (file:///D:/HTML%20Programs/JSM/DevOps%20Learning/acquisitions/node_modules/drizzle-orm/neon-http/session.js:45:20)\n    at async authenticateUser (file:///D:/HTML%20Programs/JSM/DevOps%20Learning/acquisitions/src/services/auth.service.js:48:24)\n    at async signin (file:///D:/HTML%20Programs/JSM/DevOps%20Learning/acquisitions/src/controllers/auth.controller.js:59:22)","timestamp":"2025-11-21T07:11:18.442Z"}
{"level":"info","message":"::1 - - [21/Nov/2025:07:11:18 +0000] \"POST /api/auth/sign-in HTTP/1.1\" 500 1127 \"-\" \"HTTPie\"","service":"acquisitions-api","timestamp":"2025-11-21T07:11:18.462Z"}
{"level":"info","message":"::1 - - [21/Nov/2025:07:15:22 +0000] \"GET /health HTTP/1.1\" 200 76 \"-\" \"-\"","service":"acquisitions-api","timestamp":"2025-11-21T07:15:22.922Z"}
{"level":"info","message":"Hello from Acquisition!","service":"acquisitions-api","timestamp":"2025-11-21T07:15:25.996Z"}
{"level":"info","message":"::ffff:172.18.0.1 - - [21/Nov/2025:07:15:26 +0000] \"GET / HTTP/1.1\" 200 24 \"-\" \"HTTPie\"","service":"acquisitions-api","timestamp":"2025-11-21T07:15:26.002Z"}
{"level":"info","message":"::1 - - [21/Nov/2025:07:15:56 +0000] \"GET /health HTTP/1.1\" 200 75 \"-\" \"-\"","service":"acquisitions-api","timestamp":"2025-11-21T07:15:56.156Z"}
{"level":"error","message":"Error authenticating the user: Error: Invalid email or password","service":"acquisitions-api","timestamp":"2025-11-21T07:15:57.853Z"}
{"level":"error","message":"Sign-in error Invalid email or password","service":"acquisitions-api","stack":"Error: Invalid email or password\n    at authenticateUser (file:///app/src/services/auth.service.js:51:19)\n    at process.processTicksAndRejections (node:internal/process/task_queues:95:5)\n    at async signin (file:///app/src/controllers/auth.controller.js:59:22)","timestamp":"2025-11-21T07:15:57.858Z"}
{"level":"info","message":"::ffff:172.18.0.1 - - [21/Nov/2025:07:15:57 +0000] \"POST /api/auth/sign-in HTTP/1.1\" 401 37 \"-\" \"HTTPie\"","service":"acquisitions-api","timestamp":"2025-11-21T07:15:57.864Z"}
{"level":"info","message":"::1 - - [21/Nov/2025:07:16:32 +0000] \"GET /health HTTP/1.1\" - - \"-\" \"-\"","service":"acquisitions-api","timestamp":"2025-11-21T07:16:32.241Z"}
{"level":"info","message":"::1 - - [21/Nov/2025:07:17:05 +0000] \"GET /health HTTP/1.1\" 200 77 \"-\" \"-\"","service":"acquisitions-api","timestamp":"2025-11-21T07:17:05.386Z"}
{"level":"info","message":"User prithvi@coder.com authenticated successfully","service":"acquisitions-api","timestamp":"2025-11-21T07:17:06.461Z"}
{"level":"info","message":"User logged in successfully: prithvi@coder.com","service":"acquisitions-api","timestamp":"2025-11-21T07:17:06.535Z"}
{"level":"info","message":"::ffff:172.18.0.1 - - [21/Nov/2025:07:17:06 +0000] \"POST /api/auth/sign-in HTTP/1.1\" 200 103 \"-\" \"HTTPie\"","service":"acquisitions-api","timestamp":"2025-11-21T07:17:06.540Z"}
{"level":"info","message":"::1 - - [21/Nov/2025:07:17:39 +0000] \"GET /health HTTP/1.1\" 200 77 \"-\" \"-\"","service":"acquisitions-api","timestamp":"2025-11-21T07:17:39.501Z"}
{"level":"info","message":"::1 - - [21/Nov/2025:07:18:16 +0000] \"GET /health HTTP/1.1\" 200 77 \"-\" \"-\"","service":"acquisitions-api","timestamp":"2025-11-21T07:18:16.171Z"}
{"level":"info","message":"::1 - - [21/Nov/2025:07:18:47 +0000] \"GET /health HTTP/1.1\" 200 77 \"-\" \"-\"","service":"acquisitions-api","timestamp":"2025-11-21T07:18:47.909Z"}
{"level":"info","message":"::1 - - [21/Nov/2025:07:19:19 +0000] \"GET /health HTTP/1.1\" 200 77 \"-\" \"-\"","service":"acquisitions-api","timestamp":"2025-11-21T07:19:19.212Z"}
{"level":"info","message":"Getting user with id 2 ...","service":"acquisitions-api","timestamp":"2025-11-21T07:19:33.409Z"}
{"level":"info","message":"::ffff:172.18.0.1 - - [21/Nov/2025:07:19:34 +0000] \"GET /api/users/2 HTTP/1.1\" 200 197 \"-\" \"HTTPie\"","service":"acquisitions-api","timestamp":"2025-11-21T07:19:34.003Z"}
{"level":"info","message":"::1 - - [21/Nov/2025:07:19:50 +0000] \"GET /health HTTP/1.1\" 200 77 \"-\" \"-\"","service":"acquisitions-api","timestamp":"2025-11-21T07:19:50.966Z"}
{"level":"info","message":"Getting user with id 3 ...","service":"acquisitions-api","timestamp":"2025-11-21T07:19:54.431Z"}
{"level":"info","message":"::ffff:172.18.0.1 - - [21/Nov/2025:07:19:54 +0000] \"GET /api/users/3 HTTP/1.1\" 200 196 \"-\" \"HTTPie\"","service":"acquisitions-api","timestamp":"2025-11-21T07:19:54.795Z"}
{"level":"info","message":"::1 - - [21/Nov/2025:07:20:23 +0000] \"GET /health HTTP/1.1\" 200 77 \"-\" \"-\"","service":"acquisitions-api","timestamp":"2025-11-21T07:20:23.557Z"}
{"level":"info","message":"::ffff:172.18.0.1 - - [21/Nov/2025:07:20:44 +0000] \"DELETE /api/users/2 HTTP/1.1\" 401 24 \"-\" \"HTTPie\"","service":"acquisitions-api","timestamp":"2025-11-21T07:20:44.600Z"}
{"level":"info","message":"::1 - - [21/Nov/2025:07:20:55 +0000] \"GET /health HTTP/1.1\" 200 76 \"-\" \"-\"","service":"acquisitions-api","timestamp":"2025-11-21T07:20:55.025Z"}
{"level":"info","message":"::1 - - [21/Nov/2025:07:21:26 +0000] \"GET /health HTTP/1.1\" 200 77 \"-\" \"-\"","service":"acquisitions-api","timestamp":"2025-11-21T07:21:26.010Z"}
{"level":"info","message":"::1 - - [21/Nov/2025:07:22:00 +0000] \"GET /health HTTP/1.1\" - - \"-\" \"-\"","service":"acquisitions-api","timestamp":"2025-11-21T07:22:00.969Z"}
{"level":"info","message":"::1 - - [21/Nov/2025:07:22:32 +0000] \"GET /health HTTP/1.1\" 200 77 \"-\" \"-\"","service":"acquisitions-api","timestamp":"2025-11-21T07:22:32.159Z"}
{"level":"info","message":"::1 - - [21/Nov/2025:07:23:08 +0000] \"GET /health HTTP/1.1\" 200 77 \"-\" \"-\"","service":"acquisitions-api","timestamp":"2025-11-21T07:23:08.430Z"}
{"level":"info","message":"::1 - - [21/Nov/2025:07:23:39 +0000] \"GET /health HTTP/1.1\" 200 77 \"-\" \"-\"","service":"acquisitions-api","timestamp":"2025-11-21T07:23:39.683Z"}
{"level":"info","message":"::1 - - [21/Nov/2025:07:24:15 +0000] \"GET /health HTTP/1.1\" - - \"-\" \"-\"","service":"acquisitions-api","timestamp":"2025-11-21T07:24:15.616Z"}
{"level":"info","message":"::1 - - [21/Nov/2025:07:24:46 +0000] \"GET /health HTTP/1.1\" 200 77 \"-\" \"-\"","service":"acquisitions-api","timestamp":"2025-11-21T07:24:46.925Z"}
{"level":"info","message":"::1 - - [21/Nov/2025:07:25:21 +0000] \"GET /health HTTP/1.1\" 200 77 \"-\" \"-\"","service":"acquisitions-api","timestamp":"2025-11-21T07:25:21.103Z"}
{"level":"info","message":"::1 - - [21/Nov/2025:07:25:52 +0000] \"GET /health HTTP/1.1\" 200 77 \"-\" \"-\"","service":"acquisitions-api","timestamp":"2025-11-21T07:25:52.490Z"}
{"level":"info","message":"::1 - - [21/Nov/2025:07:26:26 +0000] \"GET /health HTTP/1.1\" 200 77 \"-\" \"-\"","service":"acquisitions-api","timestamp":"2025-11-21T07:26:26.067Z"}
{"level":"info","message":"::1 - - [21/Nov/2025:07:27:02 +0000] \"GET /health HTTP/1.1\" - - \"-\" \"-\"","service":"acquisitions-api","timestamp":"2025-11-21T07:27:02.724Z"}
{"level":"info","message":"::1 - - [21/Nov/2025:07:27:37 +0000] \"GET /health HTTP/1.1\" - - \"-\" \"-\"","service":"acquisitions-api","timestamp":"2025-11-21T07:27:37.043Z"}
{"level":"info","message":"User prithvi@coder.com authenticated successfully","service":"acquisitions-api","timestamp":"2025-11-21T07:42:47.424Z"}
{"level":"info","message":"User signed in successfully: prithvi@coder.com","service":"acquisitions-api","timestamp":"2025-11-21T07:42:47.574Z"}
{"level":"info","message":"::ffff:172.18.0.1 - - [21/Nov/2025:07:42:47 +0000] \"POST /api/auth/sign-in HTTP/1.1\" 200 116 \"-\" \"HTTPie\"","service":"acquisitions-api","timestamp":"2025-11-21T07:42:47.595Z"}
{"level":"info","message":"::1 - - [21/Nov/2025:07:42:49 +0000] \"GET /health HTTP/1.1\" 200 76 \"-\" \"-\"","service":"acquisitions-api","timestamp":"2025-11-21T07:42:49.339Z"}
{"level":"info","message":"::1 - - [21/Nov/2025:07:43:20 +0000] \"GET /health HTTP/1.1\" 200 75 \"-\" \"-\"","service":"acquisitions-api","timestamp":"2025-11-21T07:43:20.895Z"}
{"level":"info","message":"User authenticated: prithvi@coder.com (user)","service":"acquisitions-api","timestamp":"2025-11-21T07:43:42.521Z"}
{"level":"info","message":"Getting users...","service":"acquisitions-api","timestamp":"2025-11-21T07:43:42.536Z"}
{"level":"info","message":"::ffff:172.18.0.1 - - [21/Nov/2025:07:43:42 +0000] \"GET /api/users HTTP/1.1\" 200 359 \"-\" \"HTTPie\"","service":"acquisitions-api","timestamp":"2025-11-21T07:43:42.989Z"}
{"level":"info","message":"::1 - - [21/Nov/2025:07:43:52 +0000] \"GET /health HTTP/1.1\" 200 76 \"-\" \"-\"","service":"acquisitions-api","timestamp":"2025-11-21T07:43:52.487Z"}
{"level":"info","message":"User authenticated: prithvi@coder.com (user)","service":"acquisitions-api","timestamp":"2025-11-21T07:44:09.316Z"}
{"level":"warn","message":"Access denied for user prithvi@coder.com with role user. Required: admin","service":"acquisitions-api","timestamp":"2025-11-21T07:44:09.367Z"}
{"level":"info","message":"::ffff:172.18.0.1 - - [21/Nov/2025:07:44:09 +0000] \"DELETE /api/users/2 HTTP/1.1\" 403 62 \"-\" \"HTTPie\"","service":"acquisitions-api","timestamp":"2025-11-21T07:44:09.372Z"}
{"level":"info","message":"::1 - - [21/Nov/2025:07:44:25 +0000] \"GET /health HTTP/1.1\" 200 77 \"-\" \"-\"","service":"acquisitions-api","timestamp":"2025-11-21T07:44:25.674Z"}
{"level":"info","message":"::1 - - [21/Nov/2025:07:44:58 +0000] \"GET /health HTTP/1.1\" 200 77 \"-\" \"-\"","service":"acquisitions-api","timestamp":"2025-11-21T07:44:58.205Z"}
{"level":"info","message":"User authenticated: prithvi@coder.com (user)","service":"acquisitions-api","timestamp":"2025-11-21T07:45:22.832Z"}
{"level":"info","message":"Getting users...","service":"acquisitions-api","timestamp":"2025-11-21T07:45:22.834Z"}
{"level":"info","message":"::ffff:172.18.0.1 - - [21/Nov/2025:07:45:23 +0000] \"GET /api/users HTTP/1.1\" 200 359 \"-\" \"HTTPie\"","service":"acquisitions-api","timestamp":"2025-11-21T07:45:23.342Z"}
{"level":"info","message":"::1 - - [21/Nov/2025:07:45:29 +0000] \"GET /health HTTP/1.1\" 200 76 \"-\" \"-\"","service":"acquisitions-api","timestamp":"2025-11-21T07:45:29.263Z"}
{"level":"info","message":"::1 - - [21/Nov/2025:07:46:01 +0000] \"GET /health HTTP/1.1\" 200 77 \"-\" \"-\"","service":"acquisitions-api","timestamp":"2025-11-21T07:46:01.309Z"}
{"level":"info","message":"::1 - - [21/Nov/2025:07:46:32 +0000] \"GET /health HTTP/1.1\" 200 77 \"-\" \"-\"","service":"acquisitions-api","timestamp":"2025-11-21T07:46:32.909Z"}
{"level":"info","message":"::1 - - [21/Nov/2025:07:47:05 +0000] \"GET /health HTTP/1.1\" 200 77 \"-\" \"-\"","service":"acquisitions-api","timestamp":"2025-11-21T07:47:05.675Z"}
{"level":"info","message":"::ffff:172.18.0.1 - - [21/Nov/2025:07:47:06 +0000] \"GET /api/users HTTP/1.1\" 401 72 \"-\" \"HTTPie\"","service":"acquisitions-api","timestamp":"2025-11-21T07:47:06.638Z"}
{"level":"info","message":"::1 - - [21/Nov/2025:07:47:36 +0000] \"GET /health HTTP/1.1\" 200 77 \"-\" \"-\"","service":"acquisitions-api","timestamp":"2025-11-21T07:47:36.729Z"}
{"level":"info","message":"::ffff:172.18.0.1 - - [21/Nov/2025:07:47:58 +0000] \"GET /api/users HTTP/1.1\" 401 72 \"-\" \"HTTPie\"","service":"acquisitions-api","timestamp":"2025-11-21T07:47:58.748Z"}
{"level":"info","message":"::1 - - [21/Nov/2025:07:48:09 +0000] \"GET /health HTTP/1.1\" 200 77 \"-\" \"-\"","service":"acquisitions-api","timestamp":"2025-11-21T07:48:09.504Z"}
{"level":"info","message":"User prithvi@coder.com authenticated successfully","service":"acquisitions-api","timestamp":"2025-11-21T07:48:28.071Z"}
{"level":"info","message":"User signed in successfully: prithvi@coder.com","service":"acquisitions-api","timestamp":"2025-11-21T07:48:28.123Z"}
{"level":"info","message":"::ffff:172.18.0.1 - - [21/Nov/2025:07:48:28 +0000] \"POST /api/auth/sign-in HTTP/1.1\" 200 116 \"-\" \"HTTPie\"","service":"acquisitions-api","timestamp":"2025-11-21T07:48:28.127Z"}
{"level":"info","message":"::1 - - [21/Nov/2025:07:48:41 +0000] \"GET /health HTTP/1.1\" 200 77 \"-\" \"-\"","service":"acquisitions-api","timestamp":"2025-11-21T07:48:41.438Z"}
{"level":"info","message":"::1 - - [21/Nov/2025:07:49:12 +0000] \"GET /health HTTP/1.1\" 200 77 \"-\" \"-\"","service":"acquisitions-api","timestamp":"2025-11-21T07:49:12.809Z"}
{"level":"info","message":"User authenticated: prithvi@coder.com (user)","service":"acquisitions-api","timestamp":"2025-11-21T07:49:17.545Z"}
{"level":"info","message":"Getting users...","service":"acquisitions-api","timestamp":"2025-11-21T07:49:17.545Z"}
{"level":"info","message":"::ffff:172.18.0.1 - - [21/Nov/2025:07:49:17 +0000] \"GET /api/users HTTP/1.1\" 200 359 \"-\" \"HTTPie\"","service":"acquisitions-api","timestamp":"2025-11-21T07:49:17.870Z"}
{"level":"info","message":"::1 - - [21/Nov/2025:07:49:44 +0000] \"GET /health HTTP/1.1\" 200 77 \"-\" \"-\"","service":"acquisitions-api","timestamp":"2025-11-21T07:49:44.104Z"}
{"level":"info","message":"::1 - - [21/Nov/2025:07:50:15 +0000] \"GET /health HTTP/1.1\" 200 76 \"-\" \"-\"","service":"acquisitions-api","timestamp":"2025-11-21T07:50:15.813Z"}
{"level":"info","message":"::1 - - [21/Nov/2025:07:50:49 +0000] \"GET /health HTTP/1.1\" 200 77 \"-\" \"-\"","service":"acquisitions-api","timestamp":"2025-11-21T07:50:49.222Z"}
{"level":"info","message":"::1 - - [21/Nov/2025:07:51:24 +0000] \"GET /health HTTP/1.1\" - - \"-\" \"-\"","service":"acquisitions-api","timestamp":"2025-11-21T07:51:24.371Z"}
{"level":"info","message":"::1 - - [21/Nov/2025:07:51:56 +0000] \"GET /health HTTP/1.1\" 200 77 \"-\" \"-\"","service":"acquisitions-api","timestamp":"2025-11-21T07:51:56.750Z"}
{"level":"info","message":"::1 - - [21/Nov/2025:07:52:32 +0000] \"GET /health HTTP/1.1\" - - \"-\" \"-\"","service":"acquisitions-api","timestamp":"2025-11-21T07:52:32.342Z"}
{"level":"info","message":"::1 - - [21/Nov/2025:07:53:04 +0000] \"GET /health HTTP/1.1\" 200 77 \"-\" \"-\"","service":"acquisitions-api","timestamp":"2025-11-21T07:53:04.052Z"}
{"level":"info","message":"::1 - - [21/Nov/2025:07:54:20 +0000] \"GET /health HTTP/1.1\" 200 74 \"-\" \"-\"","service":"acquisitions-api","timestamp":"2025-11-21T07:54:20.980Z"}
{"level":"info","message":"::1 - - [21/Nov/2025:07:54:53 +0000] \"GET /health HTTP/1.1\" 200 76 \"-\" \"-\"","service":"acquisitions-api","timestamp":"2025-11-21T07:54:53.198Z"}
{"level":"info","message":"::1 - - [21/Nov/2025:07:55:25 +0000] \"GET /health HTTP/1.1\" 200 76 \"-\" \"-\"","service":"acquisitions-api","timestamp":"2025-11-21T07:55:25.955Z"}
{"level":"info","message":"::ffff:172.18.0.1 - - [21/Nov/2025:07:55:38 +0000] \"GET /api/users HTTP/1.1\" 401 72 \"-\" \"HTTPie\"","service":"acquisitions-api","timestamp":"2025-11-21T07:55:38.191Z"}
{"level":"info","message":"User prithvi@coder.com authenticated successfully","service":"acquisitions-api","timestamp":"2025-11-21T07:55:54.554Z"}
{"level":"info","message":"User signed in successfully: prithvi@coder.com","service":"acquisitions-api","timestamp":"2025-11-21T07:55:54.624Z"}
{"level":"info","message":"::ffff:172.18.0.1 - - [21/Nov/2025:07:55:54 +0000] \"POST /api/auth/sign-in HTTP/1.1\" 200 116 \"-\" \"HTTPie\"","service":"acquisitions-api","timestamp":"2025-11-21T07:55:54.629Z"}
{"level":"info","message":"::1 - - [21/Nov/2025:07:55:59 +0000] \"GET /health HTTP/1.1\" 200 77 \"-\" \"-\"","service":"acquisitions-api","timestamp":"2025-11-21T07:55:59.060Z"}
{"level":"info","message":"::1 - - [21/Nov/2025:07:56:30 +0000] \"GET /health HTTP/1.1\" 200 77 \"-\" \"-\"","service":"acquisitions-api","timestamp":"2025-11-21T07:56:30.751Z"}
{"level":"info","message":"User authenticated: prithvi@coder.com (user)","service":"acquisitions-api","timestamp":"2025-11-21T07:56:32.781Z"}
{"level":"warn","message":"Access denied for user prithvi@coder.com with role user. Required: admin","service":"acquisitions-api","timestamp":"2025-11-21T07:56:32.786Z"}
{"level":"info","message":"::ffff:172.18.0.1 - - [21/Nov/2025:07:56:32 +0000] \"GET /api/users HTTP/1.1\" 403 62 \"-\" \"HTTPie\"","service":"acquisitions-api","timestamp":"2025-11-21T07:56:32.796Z"}
{"level":"info","message":"User authenticated: prithvi@coder.com (user)","service":"acquisitions-api","timestamp":"2025-11-21T07:56:41.225Z"}
{"level":"info","message":"Getting user by id: 3","service":"acquisitions-api","timestamp":"2025-11-21T07:56:41.226Z"}
{"level":"info","message":"User prithvi@coder.com retrieved successfully","service":"acquisitions-api","timestamp":"2025-11-21T07:56:41.977Z"}
{"level":"info","message":"::ffff:172.18.0.1 - - [21/Nov/2025:07:56:41 +0000] \"GET /api/users/3 HTTP/1.1\" 200 196 \"-\" \"HTTPie\"","service":"acquisitions-api","timestamp":"2025-11-21T07:56:41.981Z"}
{"level":"info","message":"User authenticated: prithvi@coder.com (user)","service":"acquisitions-api","timestamp":"2025-11-21T07:56:48.818Z"}
{"level":"info","message":"Getting user by id: 2","service":"acquisitions-api","timestamp":"2025-11-21T07:56:48.819Z"}
{"level":"info","message":"User admin@jsmastery.pro retrieved successfully","service":"acquisitions-api","timestamp":"2025-11-21T07:56:49.219Z"}
{"level":"info","message":"::ffff:172.18.0.1 - - [21/Nov/2025:07:56:49 +0000] \"GET /api/users/2 HTTP/1.1\" 200 197 \"-\" \"HTTPie\"","service":"acquisitions-api","timestamp":"2025-11-21T07:56:49.254Z"}
{"level":"info","message":"::1 - - [21/Nov/2025:07:57:03 +0000] \"GET /health HTTP/1.1\" 200 77 \"-\" \"-\"","service":"acquisitions-api","timestamp":"2025-11-21T07:57:03.228Z"}
{"level":"info","message":"::1 - - [21/Nov/2025:07:57:34 +0000] \"GET /health HTTP/1.1\" 200 77 \"-\" \"-\"","service":"acquisitions-api","timestamp":"2025-11-21T07:57:34.864Z"}
{"level":"info","message":"::1 - - [21/Nov/2025:07:58:06 +0000] \"GET /health HTTP/1.1\" 200 77 \"-\" \"-\"","service":"acquisitions-api","timestamp":"2025-11-21T07:58:06.854Z"}
{"level":"info","message":"::1 - - [21/Nov/2025:07:58:38 +0000] \"GET /health HTTP/1.1\" 200 77 \"-\" \"-\"","service":"acquisitions-api","timestamp":"2025-11-21T07:58:38.908Z"}
{"level":"info","message":"::1 - - [21/Nov/2025:07:59:10 +0000] \"GET /health HTTP/1.1\" 200 76 \"-\" \"-\"","service":"acquisitions-api","timestamp":"2025-11-21T07:59:10.218Z"}
{"level":"info","message":"::1 - - [21/Nov/2025:07:59:41 +0000] \"GET /health HTTP/1.1\" 200 77 \"-\" \"-\"","service":"acquisitions-api","timestamp":"2025-11-21T07:59:41.158Z"}
{"level":"info","message":"::1 - - [21/Nov/2025:08:00:12 +0000] \"GET /health HTTP/1.1\" 200 77 \"-\" \"-\"","service":"acquisitions-api","timestamp":"2025-11-21T08:00:12.619Z"}
{"level":"info","message":"::1 - - [21/Nov/2025:08:00:43 +0000] \"GET /health HTTP/1.1\" 200 77 \"-\" \"-\"","service":"acquisitions-api","timestamp":"2025-11-21T08:00:43.929Z"}
{"level":"info","message":"::1 - - [21/Nov/2025:08:01:15 +0000] \"GET /health HTTP/1.1\" 200 77 \"-\" \"-\"","service":"acquisitions-api","timestamp":"2025-11-21T08:01:15.136Z"}
{"level":"info","message":"::1 - - [21/Nov/2025:08:01:46 +0000] \"GET /health HTTP/1.1\" 200 77 \"-\" \"-\"","service":"acquisitions-api","timestamp":"2025-11-21T08:01:46.310Z"}
{"level":"info","message":"::1 - - [21/Nov/2025:08:02:17 +0000] \"GET /health HTTP/1.1\" 200 77 \"-\" \"-\"","service":"acquisitions-api","timestamp":"2025-11-21T08:02:17.154Z"}
{"level":"info","message":"::1 - - [21/Nov/2025:08:02:48 +0000] \"GET /health HTTP/1.1\" 200 77 \"-\" \"-\"","service":"acquisitions-api","timestamp":"2025-11-21T08:02:48.379Z"}
{"level":"info","message":"::1 - - [21/Nov/2025:08:03:20 +0000] \"GET /health HTTP/1.1\" 200 77 \"-\" \"-\"","service":"acquisitions-api","timestamp":"2025-11-21T08:03:20.582Z"}
{"level":"info","message":"::1 - - [21/Nov/2025:08:03:52 +0000] \"GET /health HTTP/1.1\" 200 77 \"-\" \"-\"","service":"acquisitions-api","timestamp":"2025-11-21T08:03:52.616Z"}
{"level":"info","message":"::1 - - [21/Nov/2025:08:04:26 +0000] \"GET /health HTTP/1.1\" 200 77 \"-\" \"-\"","service":"acquisitions-api","timestamp":"2025-11-21T08:04:26.403Z"}
{"level":"info","message":"::1 - - [21/Nov/2025:08:04:58 +0000] \"GET /health HTTP/1.1\" 200 77 \"-\" \"-\"","service":"acquisitions-api","timestamp":"2025-11-21T08:04:58.192Z"}
{"level":"info","message":"User john@coder.com created successfully","service":"acquisitions-api","timestamp":"2025-11-21T08:05:10.192Z"}
{"level":"info","message":"User registered successfully: john@coder.com","service":"acquisitions-api","timestamp":"2025-11-21T08:05:10.262Z"}
{"level":"info","message":"::ffff:172.18.0.1 - - [21/Nov/2025:08:05:10 +0000] \"POST /api/auth/sign-up HTTP/1.1\" 201 99 \"-\" \"HTTPie\"","service":"acquisitions-api","timestamp":"2025-11-21T08:05:10.265Z"}
{"level":"info","message":"::1 - - [21/Nov/2025:08:05:29 +0000] \"GET /health HTTP/1.1\" 200 77 \"-\" \"-\"","service":"acquisitions-api","timestamp":"2025-11-21T08:05:29.709Z"}
{"level":"info","message":"::1 - - [21/Nov/2025:08:05:45 +0000] \"GET /health HTTP/1.1\" 200 77 \"-\" \"-\"","service":"acquisitions-api","timestamp":"2025-11-21T08:05:45.519Z"}
{"level":"info","message":"::1 - - [21/Nov/2025:08:06:33 +0000] \"GET /health HTTP/1.1\" 200 77 \"-\" \"-\"","service":"acquisitions-api","timestamp":"2025-11-21T08:06:33.454Z"}
{"level":"info","message":"::ffff:172.18.0.1 - - [21/Nov/2025:08:06:45 +0000] \"DELETE /api/users/1 HTTP/1.1\" 401 72 \"-\" \"HTTPie\"","service":"acquisitions-api","timestamp":"2025-11-21T08:06:45.048Z"}
{"level":"info","message":"::1 - - [21/Nov/2025:08:07:05 +0000] \"GET /health HTTP/1.1\" 200 77 \"-\" \"-\"","service":"acquisitions-api","timestamp":"2025-11-21T08:07:05.178Z"}
{"level":"info","message":"::ffff:172.18.0.1 - - [21/Nov/2025:08:07:13 +0000] \"DELETE /api/users/2 HTTP/1.1\" 401 72 \"-\" \"HTTPie\"","service":"acquisitions-api","timestamp":"2025-11-21T08:07:13.061Z"}
{"level":"info","message":"::1 - - [21/Nov/2025:08:07:36 +0000] \"GET /health HTTP/1.1\" 200 77 \"-\" \"-\"","service":"acquisitions-api","timestamp":"2025-11-21T08:07:36.777Z"}
{"level":"info","message":"User john@coder.com authenticated successfully","service":"acquisitions-api","timestamp":"2025-11-21T08:07:51.542Z"}
{"level":"info","message":"User signed in successfully: john@coder.com","service":"acquisitions-api","timestamp":"2025-11-21T08:07:51.577Z"}
{"level":"info","message":"::ffff:172.18.0.1 - - [21/Nov/2025:08:07:51 +0000] \"POST /api/auth/sign-in HTTP/1.1\" 200 111 \"-\" \"HTTPie\"","service":"acquisitions-api","timestamp":"2025-11-21T08:07:51.581Z"}
{"level":"info","message":"::1 - - [21/Nov/2025:08:08:08 +0000] \"GET /health HTTP/1.1\" 200 77 \"-\" \"-\"","service":"acquisitions-api","timestamp":"2025-11-21T08:08:08.571Z"}
{"level":"info","message":"User authenticated: john@coder.com (admin)","service":"acquisitions-api","timestamp":"2025-11-21T08:08:27.794Z"}
{"level":"info","message":"Getting users...","service":"acquisitions-api","timestamp":"2025-11-21T08:08:27.801Z"}
{"level":"info","message":"::ffff:172.18.0.1 - - [21/Nov/2025:08:08:28 +0000] \"GET /api/users HTTP/1.1\" 200 502 \"-\" \"HTTPie\"","service":"acquisitions-api","timestamp":"2025-11-21T08:08:28.401Z"}
{"level":"info","message":"::1 - - [21/Nov/2025:08:08:40 +0000] \"GET /health HTTP/1.1\" 200 77 \"-\" \"-\"","service":"acquisitions-api","timestamp":"2025-11-21T08:08:40.344Z"}
{"level":"info","message":"User authenticated: john@coder.com (admin)","service":"acquisitions-api","timestamp":"2025-11-21T08:09:00.307Z"}
{"level":"info","message":"Deleting user: 1","service":"acquisitions-api","timestamp":"2025-11-21T08:09:00.314Z"}
{"level":"error","message":"Error getting user by id 1: User not found","service":"acquisitions-api","stack":"Error: User not found\n    at getUserById (file:///app/src/services/users.service.js:40:13)\n    at process.processTicksAndRejections (node:internal/process/task_queues:95:5)\n    at async deleteUser (file:///app/src/services/users.service.js:97:5)\n    at async deleteUserById (file:///app/src/controllers/users.controller.js:182:25)","timestamp":"2025-11-21T08:09:00.668Z"}
{"level":"error","message":"Error deleting user 1: User not found","service":"acquisitions-api","stack":"Error: User not found\n    at getUserById (file:///app/src/services/users.service.js:40:13)\n    at process.processTicksAndRejections (node:internal/process/task_queues:95:5)\n    at async deleteUser (file:///app/src/services/users.service.js:97:5)\n    at async deleteUserById (file:///app/src/controllers/users.controller.js:182:25)","timestamp":"2025-11-21T08:09:00.670Z"}
{"level":"error","message":"Error deleting user: User not found","service":"acquisitions-api","timestamp":"2025-11-21T08:09:00.672Z"}
{"level":"info","message":"::ffff:172.18.0.1 - - [21/Nov/2025:08:09:00 +0000] \"DELETE /api/users/1 HTTP/1.1\" 404 26 \"-\" \"HTTPie\"","service":"acquisitions-api","timestamp":"2025-11-21T08:09:00.676Z"}
{"level":"info","message":"User authenticated: john@coder.com (admin)","service":"acquisitions-api","timestamp":"2025-11-21T08:09:10.404Z"}
{"level":"info","message":"Deleting user: 3","service":"acquisitions-api","timestamp":"2025-11-21T08:09:10.404Z"}
{"level":"info","message":"User prithvi@coder.com deleted successfully","service":"acquisitions-api","timestamp":"2025-11-21T08:09:11.023Z"}
{"level":"info","message":"User prithvi@coder.com deleted successfully","service":"acquisitions-api","timestamp":"2025-11-21T08:09:11.023Z"}
{"level":"info","message":"::ffff:172.18.0.1 - - [21/Nov/2025:08:09:11 +0000] \"DELETE /api/users/3 HTTP/1.1\" 200 114 \"-\" \"HTTPie\"","service":"acquisitions-api","timestamp":"2025-11-21T08:09:11.026Z"}
{"level":"info","message":"::1 - - [21/Nov/2025:08:09:12 +0000] \"GET /health HTTP/1.1\" 200 77 \"-\" \"-\"","service":"acquisitions-api","timestamp":"2025-11-21T08:09:12.191Z"}
{"level":"info","message":"User authenticated: john@coder.com (admin)","service":"acquisitions-api","timestamp":"2025-11-21T08:09:24.139Z"}
{"level":"info","message":"Deleting user: 2","service":"acquisitions-api","timestamp":"2025-11-21T08:09:24.142Z"}
{"level":"info","message":"User admin@jsmastery.pro deleted successfully","service":"acquisitions-api","timestamp":"2025-11-21T08:09:24.793Z"}
{"level":"info","message":"User admin@jsmastery.pro deleted successfully","service":"acquisitions-api","timestamp":"2025-11-21T08:09:24.794Z"}
{"level":"info","message":"::ffff:172.18.0.1 - - [21/Nov/2025:08:09:24 +0000] \"DELETE /api/users/2 HTTP/1.1\" 200 115 \"-\" \"HTTPie\"","service":"acquisitions-api","timestamp":"2025-11-21T08:09:24.798Z"}
{"level":"info","message":"::1 - - [21/Nov/2025:08:09:43 +0000] \"GET /health HTTP/1.1\" 200 77 \"-\" \"-\"","service":"acquisitions-api","timestamp":"2025-11-21T08:09:43.344Z"}
{"level":"info","message":"::1 - - [21/Nov/2025:08:10:14 +0000] \"GET /health HTTP/1.1\" 200 77 \"-\" \"-\"","service":"acquisitions-api","timestamp":"2025-11-21T08:10:14.843Z"}
{"level":"info","message":"User prithvi@coder.com created successfully","service":"acquisitions-api","timestamp":"2025-11-21T08:10:22.092Z"}
{"level":"info","message":"User registered successfully: prithvi@coder.com","service":"acquisitions-api","timestamp":"2025-11-21T08:10:22.114Z"}
{"level":"info","message":"::ffff:172.18.0.1 - - [21/Nov/2025:08:10:22 +0000] \"POST /api/auth/sign-up HTTP/1.1\" 201 104 \"-\" \"HTTPie\"","service":"acquisitions-api","timestamp":"2025-11-21T08:10:22.118Z"}
{"level":"info","message":"::1 - - [21/Nov/2025:08:10:46 +0000] \"GET /health HTTP/1.1\" 200 77 \"-\" \"-\"","service":"acquisitions-api","timestamp":"2025-11-21T08:10:46.133Z"}
{"level":"info","message":"User prithvi@coder.com authenticated successfully","service":"acquisitions-api","timestamp":"2025-11-21T08:10:49.597Z"}
{"level":"info","message":"User signed in successfully: prithvi@coder.com","service":"acquisitions-api","timestamp":"2025-11-21T08:10:49.606Z"}
{"level":"info","message":"::ffff:172.18.0.1 - - [21/Nov/2025:08:10:49 +0000] \"POST /api/auth/sign-in HTTP/1.1\" 200 116 \"-\" \"HTTPie\"","service":"acquisitions-api","timestamp":"2025-11-21T08:10:49.615Z"}
{"level":"info","message":"::1 - - [21/Nov/2025:08:11:17 +0000] \"GET /health HTTP/1.1\" 200 78 \"-\" \"-\"","service":"acquisitions-api","timestamp":"2025-11-21T08:11:17.288Z"}
{"level":"info","message":"User authenticated: prithvi@coder.com (user)","service":"acquisitions-api","timestamp":"2025-11-21T08:11:23.486Z"}
{"level":"warn","message":"Access denied for user prithvi@coder.com with role user. Required: admin","service":"acquisitions-api","timestamp":"2025-11-21T08:11:23.489Z"}
{"level":"info","message":"::ffff:172.18.0.1 - - [21/Nov/2025:08:11:23 +0000] \"GET /api/users HTTP/1.1\" 403 62 \"-\" \"HTTPie\"","service":"acquisitions-api","timestamp":"2025-11-21T08:11:23.494Z"}
{"level":"info","message":"User authenticated: prithvi@coder.com (user)","service":"acquisitions-api","timestamp":"2025-11-21T08:11:31.156Z"}
{"level":"info","message":"Getting user by id: 5","service":"acquisitions-api","timestamp":"2025-11-21T08:11:31.156Z"}
{"level":"info","message":"User prithvi@coder.com retrieved successfully","service":"acquisitions-api","timestamp":"2025-11-21T08:11:31.500Z"}
{"level":"info","message":"::ffff:172.18.0.1 - - [21/Nov/2025:08:11:31 +0000] \"GET /api/users/5 HTTP/1.1\" 200 196 \"-\" \"HTTPie\"","service":"acquisitions-api","timestamp":"2025-11-21T08:11:31.503Z"}
{"level":"info","message":"::1 - - [21/Nov/2025:08:11:48 +0000] \"GET /health HTTP/1.1\" 200 78 \"-\" \"-\"","service":"acquisitions-api","timestamp":"2025-11-21T08:11:48.469Z"}
{"level":"info","message":"::1 - - [21/Nov/2025:08:12:20 +0000] \"GET /health HTTP/1.1\" 200 78 \"-\" \"-\"","service":"acquisitions-api","timestamp":"2025-11-21T08:12:20.230Z"}
{"level":"info","message":"::1 - - [21/Nov/2025:08:12:51 +0000] \"GET /health HTTP/1.1\" 200 78 \"-\" \"-\"","service":"acquisitions-api","timestamp":"2025-11-21T08:12:51.666Z"}
{"level":"info","message":"::1 - - [21/Nov/2025:08:13:23 +0000] \"GET /health HTTP/1.1\" 200 78 \"-\" \"-\"","service":"acquisitions-api","timestamp":"2025-11-21T08:13:23.772Z"}
{"level":"info","message":"::1 - - [21/Nov/2025:08:13:54 +0000] \"GET /health HTTP/1.1\" 200 78 \"-\" \"-\"","service":"acquisitions-api","timestamp":"2025-11-21T08:13:54.714Z"}
{"level":"info","message":"::1 - - [21/Nov/2025:08:14:26 +0000] \"GET /health HTTP/1.1\" 200 78 \"-\" \"-\"","service":"acquisitions-api","timestamp":"2025-11-21T08:14:26.579Z"}
{"level":"info","message":"::1 - - [21/Nov/2025:08:14:57 +0000] \"GET /health HTTP/1.1\" 200 78 \"-\" \"-\"","service":"acquisitions-api","timestamp":"2025-11-21T08:14:57.812Z"}
{"level":"info","message":"::1 - - [21/Nov/2025:08:15:29 +0000] \"GET /health HTTP/1.1\" 200 78 \"-\" \"-\"","service":"acquisitions-api","timestamp":"2025-11-21T08:15:29.368Z"}
{"level":"info","message":"::1 - - [23/Nov/2025:06:26:02 +0000] \"GET /health HTTP/1.1\" 200 77 \"-\" \"-\"","service":"acquisitions-api","timestamp":"2025-11-23T06:26:02.775Z"}
{"level":"info","message":"::1 - - [23/Nov/2025:06:26:36 +0000] \"GET /health HTTP/1.1\" 200 77 \"-\" \"-\"","service":"acquisitions-api","timestamp":"2025-11-23T06:26:36.006Z"}
{"level":"info","message":"::1 - - [23/Nov/2025:06:27:08 +0000] \"GET /health HTTP/1.1\" 200 77 \"-\" \"-\"","service":"acquisitions-api","timestamp":"2025-11-23T06:27:08.115Z"}
{"level":"info","message":"::ffff:127.0.0.1 - - [23/Nov/2025:06:26:58 +0000] \"GET /health HTTP/1.1\" 200 73 \"-\" \"-\"","service":"acquisitions-api","timestamp":"2025-11-23T06:26:58.328Z"}
{"level":"info","message":"::ffff:127.0.0.1 - - [23/Nov/2025:06:26:58 +0000] \"GET /api HTTP/1.1\" 200 42 \"-\" \"-\"","service":"acquisitions-api","timestamp":"2025-11-23T06:26:58.528Z"}
{"level":"info","message":"::ffff:127.0.0.1 - - [23/Nov/2025:06:26:58 +0000] \"GET /nonexistent HTTP/1.1\" 400 27 \"-\" \"-\"","service":"acquisitions-api","timestamp":"2025-11-23T06:26:58.676Z"}
{"level":"info","message":"::1 - - [23/Nov/2025:06:27:39 +0000] \"GET /health HTTP/1.1\" 200 77 \"-\" \"-\"","service":"acquisitions-api","timestamp":"2025-11-23T06:27:39.366Z"}
{"level":"info","message":"::1 - - [23/Nov/2025:06:28:11 +0000] \"GET /health HTTP/1.1\" 200 77 \"-\" \"-\"","service":"acquisitions-api","timestamp":"2025-11-23T06:28:11.164Z"}
{"level":"info","message":"::1 - - [23/Nov/2025:06:28:45 +0000] \"GET /health HTTP/1.1\" 200 77 \"-\" \"-\"","service":"acquisitions-api","timestamp":"2025-11-23T06:28:45.110Z"}
{"level":"info","message":"::1 - - [23/Nov/2025:06:29:19 +0000] \"GET /health HTTP/1.1\" 200 77 \"-\" \"-\"","service":"acquisitions-api","timestamp":"2025-11-23T06:29:19.301Z"}
{"level":"info","message":"::ffff:127.0.0.1 - - [23/Nov/2025:06:29:23 +0000] \"GET /health HTTP/1.1\" 200 73 \"-\" \"-\"","service":"acquisitions-api","timestamp":"2025-11-23T06:29:23.178Z"}
{"level":"info","message":"::ffff:127.0.0.1 - - [23/Nov/2025:06:29:23 +0000] \"GET /api HTTP/1.1\" 200 42 \"-\" \"-\"","service":"acquisitions-api","timestamp":"2025-11-23T06:29:23.296Z"}
{"level":"info","message":"::ffff:127.0.0.1 - - [23/Nov/2025:06:29:23 +0000] \"GET /nonexsistent HTTP/1.1\" 400 27 \"-\" \"-\"","service":"acquisitions-api","timestamp":"2025-11-23T06:29:23.394Z"}
{"level":"info","message":"::1 - - [23/Nov/2025:06:29:50 +0000] \"GET /health HTTP/1.1\" 200 77 \"-\" \"-\"","service":"acquisitions-api","timestamp":"2025-11-23T06:29:50.986Z"}
{"level":"info","message":"::1 - - [23/Nov/2025:06:30:22 +0000] \"GET /health HTTP/1.1\" 200 77 \"-\" \"-\"","service":"acquisitions-api","timestamp":"2025-11-23T06:30:22.850Z"}
{"level":"info","message":"::1 - - [23/Nov/2025:06:30:56 +0000] \"GET /health HTTP/1.1\" 200 77 \"-\" \"-\"","service":"acquisitions-api","timestamp":"2025-11-23T06:30:56.248Z"}
{"level":"info","message":"::1 - - [23/Nov/2025:06:31:35 +0000] \"GET /health HTTP/1.1\" - - \"-\" \"-\"","service":"acquisitions-api","timestamp":"2025-11-23T06:31:35.922Z"}
{"level":"info","message":"::1 - - [23/Nov/2025:06:32:09 +0000] \"GET /health HTTP/1.1\" 200 77 \"-\" \"-\"","service":"acquisitions-api","timestamp":"2025-11-23T06:32:09.514Z"}
{"level":"info","message":"::1 - - [23/Nov/2025:06:32:43 +0000] \"GET /health HTTP/1.1\" 200 77 \"-\" \"-\"","service":"acquisitions-api","timestamp":"2025-11-23T06:32:43.279Z"}
{"level":"info","message":"::1 - - [23/Nov/2025:06:33:16 +0000] \"GET /health HTTP/1.1\" 200 77 \"-\" \"-\"","service":"acquisitions-api","timestamp":"2025-11-23T06:33:16.514Z"}
{"level":"info","message":"::1 - - [23/Nov/2025:06:33:48 +0000] \"GET /health HTTP/1.1\" 200 77 \"-\" \"-\"","service":"acquisitions-api","timestamp":"2025-11-23T06:33:48.336Z"}
